TN:
SF:/home/m/dev/wsend/sdt-contracts/contracts/Escrow.sol
FN:21,Escrow
FN:45,tokenRestricted
FN:58,escrowTransfer
FN:85,executeEscrowTransfer
FN:123,claimEscrowTransfer
FN:154,invalidateEscrowTransferExpiration
FNF:6
FNH:6
FNDA:5,Escrow
FNDA:6,tokenRestricted
FNDA:6,escrowTransfer
FNDA:7,executeEscrowTransfer
FNDA:2,claimEscrowTransfer
FNDA:1,invalidateEscrowTransferExpiration
DA:22,5
DA:46,6
DA:47,6
DA:67,6
DA:69,5
DA:70,5
DA:71,5
DA:73,5
DA:92,7
DA:93,7
DA:95,7
DA:97,6
DA:99,6
DA:100,4
DA:103,6
DA:105,6
DA:113,4
DA:127,2
DA:128,2
DA:129,2
DA:131,1
DA:132,1
DA:134,1
DA:136,1
DA:138,1
DA:158,1
DA:159,1
DA:160,1
LF:28
LH:28
BRDA:46,1,0,6
BRDA:46,1,1,0
BRDA:67,2,0,5
BRDA:67,2,1,1
BRDA:95,3,0,6
BRDA:95,3,1,1
BRDA:99,4,0,4
BRDA:99,4,1,2
BRDA:127,5,0,2
BRDA:127,5,1,0
BRDA:128,6,0,2
BRDA:128,6,1,0
BRDA:129,7,0,1
BRDA:129,7,1,1
BRDA:158,8,0,1
BRDA:158,8,1,0
BRF:16
BRH:12
end_of_record
TN:
SF:/home/m/dev/wsend/sdt-contracts/contracts/ISendToken.sol
FNF:0
FNH:0
LF:0
LH:0
BRF:0
BRH:0
end_of_record
TN:
SF:/home/m/dev/wsend/sdt-contracts/contracts/ISnapshotToken.sol
FN:13,pollsResticted
FNF:1
FNH:1
FNDA:6,pollsResticted
DA:14,6
DA:15,6
LF:2
LH:2
BRDA:14,1,0,6
BRDA:14,1,1,0
BRF:2
BRH:1
end_of_record
TN:
SF:/home/m/dev/wsend/sdt-contracts/contracts/ITokenSale.sol
FNF:0
FNH:0
LF:0
LH:0
BRF:0
BRH:0
end_of_record
TN:
SF:/home/m/dev/wsend/sdt-contracts/contracts/Polls.sol
FN:41,Polls
FN:54,createPoll
FN:81,vote
FN:90,showResults
FN:96,logResults
FNF:5
FNH:5
FNDA:5,Polls
FNDA:6,createPoll
FNDA:7,vote
FNDA:3,showResults
FNDA:2,logResults
DA:42,5
DA:43,5
DA:60,6
DA:61,6
DA:62,6
DA:64,6
DA:66,6
DA:82,7
DA:83,6
DA:84,5
DA:86,4
DA:87,4
DA:91,3
DA:93,3
DA:97,2
LF:15
LH:15
BRDA:42,1,0,5
BRDA:42,1,1,0
BRDA:82,2,0,6
BRDA:82,2,1,1
BRDA:83,3,0,5
BRDA:83,3,1,1
BRDA:84,4,0,4
BRDA:84,4,1,1
BRDA:91,5,0,3
BRDA:91,5,1,0
BRF:10
BRH:8
end_of_record
TN:
SF:/home/m/dev/wsend/sdt-contracts/contracts/SaleProxy.sol
FN:10,SaleProxy
FN:20,
FN:24,btcPurchase
FNF:3
FNH:3
FNDA:1,SaleProxy
FNDA:2,
FNDA:6,btcPurchase
DA:15,1
DA:16,1
DA:17,1
DA:21,2
DA:25,6
LF:5
LH:5
BRF:0
BRH:0
end_of_record
TN:
SF:/home/m/dev/wsend/sdt-contracts/contracts/SDT.sol
FN:14,validAddress
FN:26,SDT
FNF:2
FNH:2
FNDA:50,validAddress
FNDA:50,SDT
DA:15,50
DA:16,50
DA:27,50
DA:28,50
DA:29,50
LF:5
LH:5
BRDA:15,1,0,50
BRDA:15,1,1,0
BRF:2
BRH:1
end_of_record
TN:
SF:/home/m/dev/wsend/sdt-contracts/contracts/SendToken.sol
FN:18,verifiedResticted
FN:23,escrowResticted
FN:33,isVerified
FN:42,verify
FN:51,unverify
FN:60,setEscrow
FN:76,verifiedTransferFrom
FN:108,escrowTransfer
FN:131,issueExchangeRate
FNF:9
FNH:9
FNDA:4,verifiedResticted
FNDA:6,escrowResticted
FNDA:9,isVerified
FNDA:5,verify
FNDA:1,unverify
FNDA:5,setEscrow
FNDA:2,verifiedTransferFrom
FNDA:8,escrowTransfer
FNDA:6,issueExchangeRate
DA:19,4
DA:20,2
DA:24,6
DA:25,6
DA:34,9
DA:43,5
DA:52,1
DA:61,5
DA:84,2
DA:86,1
DA:87,1
DA:89,1
DA:115,8
DA:116,8
DA:118,6
DA:139,6
DA:140,6
DA:141,2
DA:142,1
DA:151,4
LF:20
LH:20
BRDA:19,1,0,2
BRDA:19,1,1,2
BRDA:24,2,0,6
BRDA:24,2,1,0
BRDA:84,3,0,1
BRDA:84,3,1,1
BRDA:140,4,0,2
BRDA:140,4,1,4
BRDA:141,5,0,1
BRDA:141,5,1,1
BRDA:151,6,0,3
BRDA:151,6,1,1
BRF:12
BRH:11
end_of_record
TN:
SF:/home/m/dev/wsend/sdt-contracts/contracts/SnapshotToken.sol
FN:28,setPolls
FN:37,transfer
FN:49,transferFrom
FN:55,takeSnapshot
FN:63,requestSnapshots
FNF:5
FNH:5
FNDA:5,setPolls
FNDA:56,transfer
FNDA:6,transferFrom
FNDA:129,takeSnapshot
FNDA:6,requestSnapshots
DA:29,5
DA:38,56
DA:39,56
DA:40,56
DA:50,6
DA:51,6
DA:52,6
DA:56,129
DA:57,5
DA:58,5
DA:60,129
DA:64,6
LF:12
LH:12
BRDA:56,1,0,5
BRDA:56,1,1,124
BRF:2
BRH:2
end_of_record
TN:
SF:/home/m/dev/wsend/sdt-contracts/contracts/TokenSale.sol
FN:50,validAddress
FN:55,isActive
FN:64,TokenSale
FN:80,setWeiUsdRate
FN:85,setBtcUsdRate
FN:90,allow
FN:98,initialize
FN:113,finalize
FN:134,stop
FN:139,resume
FN:145,addProxyContract
FN:149,ethPurchase
FN:164,btcPurchase
FN:183,computeTokens
FN:211,forwardFunds
FN:224,doPurchase
FN:253,updateStats
FN:267,computeBonus
FN:284,ln
FN:314,grantVestedTokens
FNF:20
FNH:20
FNDA:19,validAddress
FNDA:9,isActive
FNDA:2,TokenSale
FNDA:1,setWeiUsdRate
FNDA:1,setBtcUsdRate
FNDA:1,allow
FNDA:1,initialize
FNDA:1,finalize
FNDA:1,stop
FNDA:1,resume
FNDA:1,addProxyContract
FNDA:2,ethPurchase
FNDA:7,btcPurchase
FNDA:9,computeTokens
FNDA:2,forwardFunds
FNDA:7,doPurchase
FNDA:5,updateStats
FNDA:5,computeBonus
FNDA:10,ln
FNDA:9,grantVestedTokens
DA:51,19
DA:52,19
DA:56,9
DA:57,9
DA:58,8
DA:59,8
DA:60,8
DA:61,8
DA:70,2
DA:71,2
DA:72,2
DA:74,2
DA:75,2
DA:76,2
DA:77,2
DA:81,1
DA:82,1
DA:86,1
DA:87,1
DA:91,1
DA:103,1
DA:105,1
DA:106,1
DA:108,1
DA:110,1
DA:126,1
DA:127,1
DA:128,1
DA:129,1
DA:131,1
DA:135,1
DA:136,1
DA:140,1
DA:141,1
DA:142,1
DA:146,1
DA:154,2
DA:156,2
DA:158,2
DA:160,2
DA:161,2
DA:170,7
DA:172,6
DA:174,6
DA:176,6
DA:184,9
DA:186,9
DA:187,9
DA:189,9
DA:190,6
DA:192,2
DA:193,2
DA:196,2
DA:198,2
DA:202,4
DA:205,3
DA:206,3
DA:207,3
DA:212,2
DA:236,7
DA:237,6
DA:239,5
DA:241,5
DA:243,5
DA:244,5
DA:245,5
DA:247,5
DA:254,5
DA:255,5
DA:257,5
DA:271,5
DA:272,5
DA:273,5
DA:285,10
DA:286,10
DA:288,10
DA:293,10
DA:294,10
DA:296,10
DA:297,50
DA:298,50
DA:299,50
DA:300,50
DA:301,50
DA:302,50
DA:320,9
DA:321,9
LF:87
LH:87
BRDA:51,1,0,19
BRDA:51,1,1,0
BRDA:56,2,0,9
BRDA:56,2,1,0
BRDA:57,3,0,8
BRDA:57,3,1,1
BRDA:58,4,0,8
BRDA:58,4,1,0
BRDA:59,5,0,8
BRDA:59,5,1,0
BRDA:60,6,0,8
BRDA:60,6,1,0
BRDA:70,7,0,2
BRDA:70,7,1,0
BRDA:71,8,0,2
BRDA:71,8,1,0
BRDA:72,9,0,2
BRDA:72,9,1,0
BRDA:81,10,0,1
BRDA:81,10,1,0
BRDA:86,11,0,1
BRDA:86,11,1,0
BRDA:103,12,0,1
BRDA:103,12,1,0
BRDA:140,13,0,1
BRDA:140,13,1,0
BRDA:154,14,0,2
BRDA:154,14,1,0
BRDA:170,15,0,6
BRDA:170,15,1,1
BRDA:184,16,0,9
BRDA:184,16,1,0
BRDA:189,17,0,6
BRDA:189,17,1,3
BRDA:190,18,0,2
BRDA:190,18,1,4
BRDA:236,19,0,6
BRDA:236,19,1,1
BRDA:237,20,0,5
BRDA:237,20,1,1
BRDA:257,21,0,5
BRDA:257,21,1,0
BRDA:271,22,0,5
BRDA:271,22,1,0
BRDA:272,23,0,5
BRDA:272,23,1,0
BRF:46
BRH:29
end_of_record
TN:
SF:/home/m/dev/wsend/sdt-contracts/contracts/TokenVesting.sol
FN:43,icoResticted
FN:48,isActive
FN:53,TokenVesting
FN:57,init
FN:64,stop
FN:68,resume
FN:74,allow
FN:78,revoke
FN:90,grantVestedTokens
FN:109,claimTokens
FN:116,claimTokensFor
FN:123,claimableTokens
FN:145,totalVestedTokens
FN:169,calculateVestedTokens
FN:195,claim
FNF:15
FNH:15
FNDA:32,icoResticted
FNDA:36,isActive
FNDA:25,TokenVesting
FNDA:22,init
FNDA:3,stop
FNDA:4,resume
FNDA:4,allow
FNDA:1,revoke
FNDA:31,grantVestedTokens
FNDA:4,claimTokens
FNDA:2,claimTokensFor
FNDA:10,claimableTokens
FNDA:31,totalVestedTokens
FNDA:11,calculateVestedTokens
FNDA:6,claim
DA:44,32
DA:45,32
DA:49,36
DA:50,35
DA:54,25
DA:58,22
DA:59,22
DA:60,22
DA:61,22
DA:65,3
DA:69,4
DA:70,2
DA:71,1
DA:75,4
DA:79,1
DA:96,31
DA:97,31
DA:98,31
DA:100,31
DA:101,31
DA:103,31
DA:110,4
DA:117,2
DA:124,10
DA:125,10
DA:127,10
DA:128,1
DA:131,9
DA:132,9
DA:133,9
DA:134,9
DA:140,9
DA:142,9
DA:146,31
DA:147,31
DA:149,31
DA:150,1
DA:153,30
DA:154,30
DA:155,37
DA:159,30
DA:175,11
DA:177,11
DA:178,1
DA:181,10
DA:182,1
DA:185,9
DA:189,9
DA:196,6
DA:198,3
DA:200,3
DA:201,1
DA:204,2
DA:205,2
DA:206,2
DA:207,2
DA:213,2
DA:214,2
DA:217,2
DA:218,2
DA:220,2
LF:61
LH:61
BRDA:44,1,0,32
BRDA:44,1,1,0
BRDA:49,2,0,35
BRDA:49,2,1,1
BRDA:69,3,0,2
BRDA:69,3,1,2
BRDA:70,4,0,1
BRDA:70,4,1,1
BRDA:96,5,0,31
BRDA:96,5,1,0
BRDA:97,6,0,31
BRDA:97,6,1,0
BRDA:98,7,0,31
BRDA:98,7,1,0
BRDA:127,8,0,1
BRDA:127,8,1,9
BRDA:149,9,0,1
BRDA:149,9,1,30
BRDA:177,10,0,1
BRDA:177,10,1,10
BRDA:181,11,0,1
BRDA:181,11,1,9
BRDA:196,12,0,3
BRDA:196,12,1,3
BRDA:200,13,0,1
BRDA:200,13,1,2
BRF:26
BRH:22
end_of_record
