TN:
SF:/Users/sendmacbook2/dev/send/machete-contracts/contracts/Escrow.sol
FN:25,Escrow
FN:29,tokenRestricted
FN:42,create
FN:72,fund
FN:99,release
FN:138,claim
FN:166,mediate
FN:180,transferToken
FNF:8
FNH:8
FNDA:5,Escrow
FNDA:20,tokenRestricted
FNDA:10,create
FNDA:10,fund
FNDA:7,release
FNDA:2,claim
FNDA:1,mediate
FNDA:2,transferToken
DA:26,5
DA:30,20
DA:31,20
DA:52,10
DA:53,10
DA:54,10
DA:56,9
DA:57,9
DA:58,9
DA:59,9
DA:60,9
DA:62,9
DA:80,10
DA:81,9
DA:82,8
DA:83,7
DA:85,6
DA:87,6
DA:106,7
DA:108,7
DA:109,6
DA:110,6
DA:112,6
DA:114,6
DA:115,4
DA:118,6
DA:120,6
DA:128,4
DA:142,2
DA:144,2
DA:145,2
DA:146,2
DA:147,2
DA:149,1
DA:151,1
DA:153,1
DA:169,1
DA:171,1
DA:173,1
DA:181,2
DA:183,1
DA:184,1
LF:42
LH:42
BRDA:30,1,0,20
BRDA:30,1,1,0
BRDA:52,2,0,10
BRDA:52,2,1,0
BRDA:53,3,0,10
BRDA:53,3,1,0
BRDA:54,4,0,9
BRDA:54,4,1,1
BRDA:80,5,0,9
BRDA:80,5,1,1
BRDA:81,6,0,8
BRDA:81,6,1,1
BRDA:82,7,0,7
BRDA:82,7,1,1
BRDA:83,8,0,6
BRDA:83,8,1,1
BRDA:108,9,0,6
BRDA:108,9,1,1
BRDA:109,10,0,6
BRDA:109,10,1,0
BRDA:110,11,0,6
BRDA:110,11,1,0
BRDA:114,12,0,4
BRDA:114,12,1,2
BRDA:144,13,0,2
BRDA:144,13,1,0
BRDA:145,14,0,2
BRDA:145,14,1,0
BRDA:146,15,0,2
BRDA:146,15,1,0
BRDA:147,16,0,1
BRDA:147,16,1,1
BRDA:169,17,0,1
BRDA:169,17,1,0
BRDA:181,18,0,1
BRDA:181,18,1,1
BRF:36
BRH:27
end_of_record
TN:
SF:/Users/sendmacbook2/dev/send/machete-contracts/contracts/Polls.sol
FN:41,Polls
FN:54,createPoll
FN:81,vote
FN:94,showResults
FN:104,logResults
FNF:5
FNH:5
FNDA:5,Polls
FNDA:6,createPoll
FNDA:7,vote
FNDA:4,showResults
FNDA:2,logResults
DA:42,5
DA:43,5
DA:60,6
DA:61,6
DA:62,6
DA:64,6
DA:66,6
DA:82,7
DA:83,6
DA:84,5
DA:86,4
DA:87,4
DA:95,4
DA:97,4
DA:105,2
LF:15
LH:15
BRDA:42,1,0,5
BRDA:42,1,1,0
BRDA:82,2,0,6
BRDA:82,2,1,1
BRDA:83,3,0,5
BRDA:83,3,1,1
BRDA:84,4,0,4
BRDA:84,4,1,1
BRDA:95,5,0,4
BRDA:95,5,1,0
BRF:10
BRH:8
end_of_record
TN:
SF:/Users/sendmacbook2/dev/send/machete-contracts/contracts/SaleProxy.sol
FN:12,SaleProxy
FN:22,
FN:26,btcPurchase
FN:38,claimTokens
FNF:4
FNH:3
FNDA:2,SaleProxy
FNDA:4,
FNDA:8,btcPurchase
FNDA:0,claimTokens
DA:17,2
DA:18,2
DA:19,2
DA:23,4
DA:27,8
DA:39,0
DA:40,0
DA:41,0
DA:44,0
DA:45,0
DA:46,0
DA:47,0
LF:12
LH:5
BRDA:23,1,0,4
BRDA:23,1,1,0
BRDA:27,2,0,5
BRDA:27,2,1,3
BRDA:39,3,0,0
BRDA:39,3,1,0
BRF:6
BRH:3
end_of_record
TN:
SF:/Users/sendmacbook2/dev/send/machete-contracts/contracts/SDT.sol
FN:14,validAddress
FN:26,SDT
FNF:2
FNH:2
FNDA:53,validAddress
FNDA:53,SDT
DA:15,53
DA:16,53
DA:27,53
DA:28,53
DA:29,53
LF:5
LH:5
BRDA:15,1,0,53
BRDA:15,1,1,0
BRF:2
BRH:1
end_of_record
TN:
SF:/Users/sendmacbook2/dev/send/machete-contracts/contracts/SendToken.sol
FN:20,verifiedResticted
FN:25,escrowResticted
FN:35,isVerified
FN:44,verify
FN:53,unverify
FN:62,setEscrow
FN:78,verifiedTransferFrom
FN:110,createEscrow
FN:137,fundEscrow
FN:164,issueExchangeRate
FNF:10
FNH:10
FNDA:4,verifiedResticted
FNDA:6,escrowResticted
FNDA:9,isVerified
FNDA:5,verify
FNDA:1,unverify
FNDA:5,setEscrow
FNDA:2,verifiedTransferFrom
FNDA:10,createEscrow
FNDA:12,fundEscrow
FNDA:6,issueExchangeRate
DA:21,4
DA:22,2
DA:26,6
DA:27,6
DA:36,9
DA:45,5
DA:54,1
DA:63,5
DA:86,2
DA:88,1
DA:89,1
DA:91,1
DA:118,10
DA:143,12
DA:144,12
DA:146,10
DA:172,6
DA:173,6
DA:174,2
DA:175,1
DA:184,4
LF:21
LH:21
BRDA:21,1,0,2
BRDA:21,1,1,2
BRDA:26,2,0,6
BRDA:26,2,1,0
BRDA:86,3,0,1
BRDA:86,3,1,1
BRDA:173,4,0,2
BRDA:173,4,1,4
BRDA:174,5,0,1
BRDA:174,5,1,1
BRDA:184,6,0,3
BRDA:184,6,1,1
BRF:12
BRH:11
end_of_record
TN:
SF:/Users/sendmacbook2/dev/send/machete-contracts/contracts/SnapshotToken.sol
FN:25,isPolls
FN:35,setPolls
FN:44,transfer
FN:56,transferFrom
FN:66,takeSnapshot
FN:78,requestSnapshots
FNF:6
FNH:6
FNDA:6,isPolls
FNDA:5,setPolls
FNDA:111,transfer
FNDA:6,transferFrom
FNDA:239,takeSnapshot
FNDA:6,requestSnapshots
DA:26,6
DA:27,6
DA:36,5
DA:45,111
DA:46,111
DA:47,111
DA:57,6
DA:58,6
DA:59,6
DA:67,239
DA:68,5
DA:69,5
DA:71,239
DA:79,6
LF:14
LH:14
BRDA:26,1,0,6
BRDA:26,1,1,0
BRDA:67,2,0,5
BRDA:67,2,1,234
BRF:4
BRH:3
end_of_record
TN:
SF:/Users/sendmacbook2/dev/send/machete-contracts/contracts/TokenSale.sol
FN:50,validAddress
FN:55,isActive
FN:64,TokenSale
FN:84,setWeiUsdRate
FN:93,setBtcUsdRate
FN:102,allow
FN:109,initialize
FN:152,finalize
FN:173,stop
FN:178,resume
FN:184,addProxyContract
FN:188,ethPurchase
FN:205,btcPurchase
FN:226,computeTokens
FN:250,linearSection
FN:258,logarithmicSection
FN:270,simpleLogarithmicSection
FN:277,forwardFunds
FN:290,doPurchase
FN:319,updateStats
FN:333,computeBonus
FN:350,ln
FN:380,grantVestedTokens
FNF:23
FNH:23
FNDA:26,validAddress
FNDA:13,isActive
FNDA:3,TokenSale
FNDA:2,setWeiUsdRate
FNDA:2,setBtcUsdRate
FNDA:2,allow
FNDA:2,initialize
FNDA:1,finalize
FNDA:1,stop
FNDA:1,resume
FNDA:2,addProxyContract
FNDA:4,ethPurchase
FNDA:9,btcPurchase
FNDA:16,computeTokens
FNDA:11,linearSection
FNDA:9,logarithmicSection
FNDA:4,simpleLogarithmicSection
FNDA:4,forwardFunds
FNDA:11,doPurchase
FNDA:11,updateStats
FNDA:9,computeBonus
FNDA:10,ln
FNDA:55,grantVestedTokens
DA:51,26
DA:52,26
DA:56,13
DA:57,13
DA:58,12
DA:59,12
DA:60,12
DA:61,12
DA:70,3
DA:71,3
DA:72,3
DA:74,3
DA:75,3
DA:76,3
DA:77,3
DA:85,2
DA:86,2
DA:94,2
DA:95,2
DA:103,2
DA:114,2
DA:116,2
DA:117,2
DA:120,2
DA:124,2
DA:125,2
DA:127,2
DA:128,2
DA:129,2
DA:130,2
DA:131,2
DA:132,2
DA:133,2
DA:134,2
DA:135,2
DA:136,2
DA:137,2
DA:138,2
DA:139,2
DA:140,2
DA:141,2
DA:142,2
DA:143,2
DA:144,2
DA:145,2
DA:146,2
DA:147,2
DA:148,2
DA:149,2
DA:165,1
DA:166,1
DA:167,1
DA:168,1
DA:170,1
DA:174,1
DA:175,1
DA:179,1
DA:180,1
DA:181,1
DA:185,2
DA:193,4
DA:195,4
DA:197,4
DA:199,4
DA:200,4
DA:202,4
DA:211,9
DA:213,8
DA:215,8
DA:217,8
DA:219,5
DA:227,16
DA:229,16
DA:230,11
DA:232,7
DA:235,4
DA:237,4
DA:239,4
DA:242,5
DA:251,11
DA:259,9
DA:261,4
DA:263,5
DA:271,4
DA:272,4
DA:278,4
DA:302,11
DA:303,10
DA:305,9
DA:307,9
DA:309,9
DA:310,9
DA:311,9
DA:313,9
DA:320,11
DA:321,11
DA:323,11
DA:337,9
DA:338,9
DA:339,9
DA:351,10
DA:352,10
DA:354,10
DA:355,405
DA:356,405
DA:359,10
DA:360,10
DA:362,10
DA:363,50
DA:364,50
DA:365,50
DA:366,50
DA:367,50
DA:368,50
DA:386,55
DA:387,55
LF:116
LH:116
BRDA:51,1,0,26
BRDA:51,1,1,0
BRDA:56,2,0,13
BRDA:56,2,1,0
BRDA:57,3,0,12
BRDA:57,3,1,1
BRDA:58,4,0,12
BRDA:58,4,1,0
BRDA:59,5,0,12
BRDA:59,5,1,0
BRDA:60,6,0,12
BRDA:60,6,1,0
BRDA:70,7,0,3
BRDA:70,7,1,0
BRDA:71,8,0,3
BRDA:71,8,1,0
BRDA:72,9,0,3
BRDA:72,9,1,0
BRDA:85,10,0,2
BRDA:85,10,1,0
BRDA:94,11,0,2
BRDA:94,11,1,0
BRDA:114,12,0,2
BRDA:114,12,1,0
BRDA:179,13,0,1
BRDA:179,13,1,0
BRDA:193,14,0,4
BRDA:193,14,1,0
BRDA:211,15,0,8
BRDA:211,15,1,1
BRDA:227,16,0,16
BRDA:227,16,1,0
BRDA:229,17,0,11
BRDA:229,17,1,5
BRDA:230,18,0,7
BRDA:230,18,1,4
BRDA:259,19,0,4
BRDA:259,19,1,5
BRDA:302,20,0,10
BRDA:302,20,1,1
BRDA:303,21,0,9
BRDA:303,21,1,1
BRDA:323,22,0,11
BRDA:323,22,1,0
BRDA:337,23,0,9
BRDA:337,23,1,0
BRDA:338,24,0,9
BRDA:338,24,1,0
BRF:48
BRH:31
end_of_record
TN:
SF:/Users/sendmacbook2/dev/send/machete-contracts/contracts/TokenVesting.sol
FN:43,icoResticted
FN:48,isActive
FN:53,TokenVesting
FN:57,init
FN:64,stop
FN:68,resume
FN:74,allow
FN:78,revoke
FN:90,grantVestedTokens
FN:109,claimTokens
FN:117,claimTokensFor
FN:124,claimableTokens
FN:149,totalVestedTokens
FN:173,calculateVestedTokens
FN:199,claim
FNF:15
FNH:15
FNDA:78,icoResticted
FNDA:82,isActive
FNDA:26,TokenVesting
FNDA:23,init
FNDA:3,stop
FNDA:4,resume
FNDA:4,allow
FNDA:1,revoke
FNDA:77,grantVestedTokens
FNDA:4,claimTokens
FNDA:2,claimTokensFor
FNDA:10,claimableTokens
FNDA:34,totalVestedTokens
FNDA:11,calculateVestedTokens
FNDA:6,claim
DA:44,78
DA:45,78
DA:49,82
DA:50,81
DA:54,26
DA:58,23
DA:59,23
DA:60,23
DA:61,23
DA:65,3
DA:69,4
DA:70,2
DA:71,1
DA:75,4
DA:79,1
DA:96,77
DA:97,77
DA:98,77
DA:100,77
DA:101,77
DA:103,77
DA:110,4
DA:118,2
DA:125,10
DA:126,10
DA:128,10
DA:129,1
DA:132,9
DA:133,9
DA:134,9
DA:135,9
DA:141,9
DA:143,9
DA:150,34
DA:151,34
DA:153,34
DA:154,1
DA:157,33
DA:158,33
DA:159,50
DA:163,33
DA:179,11
DA:181,11
DA:182,1
DA:185,10
DA:186,1
DA:189,9
DA:193,9
DA:200,6
DA:202,3
DA:204,3
DA:205,1
DA:208,2
DA:209,2
DA:210,2
DA:211,2
DA:217,2
DA:218,2
DA:221,2
DA:222,2
DA:224,2
LF:61
LH:61
BRDA:44,1,0,78
BRDA:44,1,1,0
BRDA:49,2,0,81
BRDA:49,2,1,1
BRDA:69,3,0,2
BRDA:69,3,1,2
BRDA:70,4,0,1
BRDA:70,4,1,1
BRDA:96,5,0,77
BRDA:96,5,1,0
BRDA:97,6,0,77
BRDA:97,6,1,0
BRDA:98,7,0,77
BRDA:98,7,1,0
BRDA:128,8,0,1
BRDA:128,8,1,9
BRDA:153,9,0,1
BRDA:153,9,1,33
BRDA:181,10,0,1
BRDA:181,10,1,10
BRDA:185,11,0,1
BRDA:185,11,1,9
BRDA:200,12,0,3
BRDA:200,12,1,3
BRDA:204,13,0,1
BRDA:204,13,1,2
BRF:26
BRH:22
end_of_record
